<?xml version="1.0" encoding="UTF-8"?>
<testsuite name="TaxCalculatorTest" tests="2" skipped="0" failures="0" errors="0" timestamp="2022-04-12T19:28:13" hostname="DESKTOP-NA5HFMK" time="0.039">
  <properties/>
  <testcase name="getTotalWithTax()" classname="TaxCalculatorTest" time="0.037"/>
  <testcase name="getTotalTax()" classname="TaxCalculatorTest" time="0.001"/>
  <system-out><![CDATA[]]></system-out>
  <system-err><![CDATA[]]></system-err>
</testsuite>
