<?xml version="1.0" encoding="UTF-8"?>
<testsuite name="OrderTest" tests="1" skipped="0" failures="0" errors="0" timestamp="2022-04-13T16:59:12" hostname="DESKTOP-NA5HFMK" time="0.049">
  <properties/>
  <testcase name="getOrder()" classname="OrderTest" time="0.049"/>
  <system-out><![CDATA[]]></system-out>
  <system-err><![CDATA[]]></system-err>
</testsuite>
