<?xml version="1.0" encoding="UTF-8"?>
<testsuite name="ProductTest" tests="1" skipped="0" failures="0" errors="0" timestamp="2022-04-11T18:35:23" hostname="DESKTOP-NA5HFMK" time="0.075">
  <properties/>
  <testcase name="getIsImported()" classname="ProductTest" time="0.075"/>
  <system-out><![CDATA[]]></system-out>
  <system-err><![CDATA[]]></system-err>
</testsuite>
